<?xml version="1.0" encoding="UTF-8"?>
<testsuite name="AppTest" tests="4" skipped="0" failures="0" errors="0" timestamp="2022-11-18T15:47:22" hostname="Ekaterinas-MacBook-Pro.local" time="1.048">
  <properties/>
  <testcase name="[1] json" classname="AppTest" time="0.776"/>
  <testcase name="[2] yml" classname="AppTest" time="0.129"/>
  <testcase name="testGetDataFormatJson()" classname="AppTest" time="0.13"/>
  <testcase name="testGetDataFormatYml()" classname="AppTest" time="0.001"/>
  <system-out><![CDATA[]]></system-out>
  <system-err><![CDATA[]]></system-err>
</testsuite>
