<?xml version="1.0" encoding="UTF-8"?>
<testsuite name="AppTest" tests="4" skipped="0" failures="0" errors="0" timestamp="2022-11-18T00:33:22" hostname="Ekaterinas-MacBook-Pro.local" time="1.065">
  <properties/>
  <testcase name="[1] json" classname="AppTest" time="0.785"/>
  <testcase name="[2] yml" classname="AppTest" time="0.137"/>
  <testcase name="testGetDataFormatJson()" classname="AppTest" time="0.132"/>
  <testcase name="testGetDataFormatYml()" classname="AppTest" time="0.002"/>
  <system-out><![CDATA[]]></system-out>
  <system-err><![CDATA[]]></system-err>
</testsuite>
